[2025-10-20T16:14:06.697+0000] {local_task_job_runner.py:120} INFO - ::group::Pre task execution logs
[2025-10-20T16:14:06.730+0000] {taskinstance.py:2076} INFO - Dependencies all met for dep_context=non-requeueable deps ti=<TaskInstance: Airflow_Lab1_Rithika.data_preprocessing_task manual__2025-10-20T16:14:00.639037+00:00 [queued]>
[2025-10-20T16:14:06.745+0000] {taskinstance.py:2076} INFO - Dependencies all met for dep_context=requeueable deps ti=<TaskInstance: Airflow_Lab1_Rithika.data_preprocessing_task manual__2025-10-20T16:14:00.639037+00:00 [queued]>
[2025-10-20T16:14:06.750+0000] {taskinstance.py:2306} INFO - Starting attempt 1 of 1
[2025-10-20T16:14:06.771+0000] {taskinstance.py:2330} INFO - Executing <Task(PythonOperator): data_preprocessing_task> on 2025-10-20 16:14:00.639037+00:00
[2025-10-20T16:14:06.787+0000] {warnings.py:112} WARNING - /home/***/.local/lib/python3.12/site-packages/***/task/task_runner/standard_task_runner.py:61: DeprecationWarning: This process (pid=133) is multi-threaded, use of fork() may lead to deadlocks in the child.
  pid = os.fork()

[2025-10-20T16:14:06.792+0000] {standard_task_runner.py:63} INFO - Started process 152 to run task
[2025-10-20T16:14:06.789+0000] {standard_task_runner.py:90} INFO - Running: ['***', 'tasks', 'run', 'Airflow_Lab1_Rithika', 'data_preprocessing_task', 'manual__2025-10-20T16:14:00.639037+00:00', '--job-id', '13', '--raw', '--subdir', 'DAGS_FOLDER/***_lab1_dag.py', '--cfg-path', '/tmp/tmptbfgaj1t']
[2025-10-20T16:14:06.795+0000] {standard_task_runner.py:91} INFO - Job 13: Subtask data_preprocessing_task
[2025-10-20T16:14:06.915+0000] {task_command.py:426} INFO - Running <TaskInstance: Airflow_Lab1_Rithika.data_preprocessing_task manual__2025-10-20T16:14:00.639037+00:00 [running]> on host 0517af00a04b
[2025-10-20T16:14:07.034+0000] {taskinstance.py:2648} INFO - Exporting env vars: AIRFLOW_CTX_DAG_OWNER='rithika' AIRFLOW_CTX_DAG_ID='Airflow_Lab1_Rithika' AIRFLOW_CTX_TASK_ID='data_preprocessing_task' AIRFLOW_CTX_EXECUTION_DATE='2025-10-20T16:14:00.639037+00:00' AIRFLOW_CTX_TRY_NUMBER='1' AIRFLOW_CTX_DAG_RUN_ID='manual__2025-10-20T16:14:00.639037+00:00'
[2025-10-20T16:14:07.036+0000] {taskinstance.py:430} INFO - ::endgroup::
[2025-10-20T16:14:07.061+0000] {logging_mixin.py:188} INFO - ✅ Data preprocessing completed.
[2025-10-20T16:14:07.062+0000] {python.py:237} INFO - Done. Returned value was: b'\x80\x04\x95\xf5\x02\x00\x00\x00\x00\x00\x00\x8c\x11pandas.core.frame\x94\x8c\tDataFrame\x94\x93\x94)\x81\x94}\x94(\x8c\x04_mgr\x94\x8c\x1epandas.core.internals.managers\x94\x8c\x0cBlockManager\x94\x93\x94\x8c\x16pandas._libs.internals\x94\x8c\x0f_unpickle_block\x94\x93\x94\x8c\x15numpy.core.multiarray\x94\x8c\x0c_reconstruct\x94\x93\x94\x8c\x05numpy\x94\x8c\x07ndarray\x94\x93\x94K\x00\x85\x94C\x01b\x94\x87\x94R\x94(K\x01K\x02K\x06\x86\x94h\x0f\x8c\x05dtype\x94\x93\x94\x8c\x02f8\x94\x89\x88\x87\x94R\x94(K\x03\x8c\x01<\x94NNNJ\xff\xff\xff\xffJ\xff\xff\xff\xffK\x00t\x94b\x89C`4-\xb8\x9e\x82a\xf5\xbf>6\x10X6\xa8\xe9\xbf*$`\xe5\xce\x1a\xd1\xbf*$`\xe5\xce\x1a\xd1?>6\x10X6\xa8\xe9?4-\xb8\x9e\x82a\xf5?\x08\x9b\xe3\xd9U\x9d\xf3\xbf\xc1\xa7?\x13Q\xd8\xec\xbf\xcf\x1ff\x0ft\x13\xd7\xbf\xfa"\xbd\xdd2b\xd9?\xcd\x1ff\x0ft\x13\xe7?6\x9e:\xa8\x14\xec\xf5?\x94t\x94b\x8c\x08builtins\x94\x8c\x05slice\x94\x93\x94K\x00K\x02K\x01\x87\x94R\x94K\x02\x87\x94R\x94\x85\x94]\x94(\x8c\x18pandas.core.indexes.base\x94\x8c\n_new_Index\x94\x93\x94h)\x8c\x05Index\x94\x93\x94}\x94(\x8c\x04data\x94h\x0eh\x11K\x00\x85\x94h\x13\x87\x94R\x94(K\x01K\x02\x85\x94h\x18\x8c\x02O8\x94\x89\x88\x87\x94R\x94(K\x03\x8c\x01|\x94NNNJ\xff\xff\xff\xffJ\xff\xff\xff\xffK?t\x94b\x89]\x94(\x8c\x08feature1\x94\x8c\x08feature2\x94et\x94b\x8c\x04name\x94Nu\x86\x94R\x94h+\x8c\x19pandas.core.indexes.range\x94\x8c\nRangeIndex\x94\x93\x94}\x94(h=N\x8c\x05start\x94K\x00\x8c\x04stop\x94K\x06\x8c\x04step\x94K\x01u\x86\x94R\x94e\x86\x94R\x94\x8c\x04_typ\x94\x8c\tdataframe\x94\x8c\t_metadata\x94]\x94\x8c\x05attrs\x94}\x94\x8c\x06_flags\x94}\x94\x8c\x17allows_duplicate_labels\x94\x88sub.'
[2025-10-20T16:14:07.064+0000] {taskinstance.py:441} INFO - ::group::Post task execution logs
[2025-10-20T16:14:07.093+0000] {taskinstance.py:1206} INFO - Marking task as SUCCESS. dag_id=Airflow_Lab1_Rithika, task_id=data_preprocessing_task, run_id=manual__2025-10-20T16:14:00.639037+00:00, execution_date=20251020T161400, start_date=20251020T161406, end_date=20251020T161407
[2025-10-20T16:14:07.129+0000] {local_task_job_runner.py:240} INFO - Task exited with return code 0
[2025-10-20T16:14:07.168+0000] {taskinstance.py:3503} INFO - 1 downstream tasks scheduled from follow-on schedule check
[2025-10-20T16:14:07.172+0000] {local_task_job_runner.py:222} INFO - ::endgroup::
