[2025-10-20T16:46:29.942+0000] {local_task_job_runner.py:120} INFO - ::group::Pre task execution logs
[2025-10-20T16:46:29.992+0000] {taskinstance.py:2076} INFO - Dependencies all met for dep_context=non-requeueable deps ti=<TaskInstance: Airflow_Lab1_Rithika.data_preprocessing_task manual__2025-10-20T16:46:24.841077+00:00 [queued]>
[2025-10-20T16:46:30.007+0000] {taskinstance.py:2076} INFO - Dependencies all met for dep_context=requeueable deps ti=<TaskInstance: Airflow_Lab1_Rithika.data_preprocessing_task manual__2025-10-20T16:46:24.841077+00:00 [queued]>
[2025-10-20T16:46:30.009+0000] {taskinstance.py:2306} INFO - Starting attempt 1 of 1
[2025-10-20T16:46:30.026+0000] {taskinstance.py:2330} INFO - Executing <Task(PythonOperator): data_preprocessing_task> on 2025-10-20 16:46:24.841077+00:00
[2025-10-20T16:46:30.041+0000] {warnings.py:112} WARNING - /home/***/.local/lib/python3.12/site-packages/***/task/task_runner/standard_task_runner.py:61: DeprecationWarning: This process (pid=738) is multi-threaded, use of fork() may lead to deadlocks in the child.
  pid = os.fork()

[2025-10-20T16:46:30.077+0000] {standard_task_runner.py:63} INFO - Started process 757 to run task
[2025-10-20T16:46:30.055+0000] {standard_task_runner.py:90} INFO - Running: ['***', 'tasks', 'run', 'Airflow_Lab1_Rithika', 'data_preprocessing_task', 'manual__2025-10-20T16:46:24.841077+00:00', '--job-id', '34', '--raw', '--subdir', 'DAGS_FOLDER/***_lab1_dag.py', '--cfg-path', '/tmp/tmpkeufqhtg']
[2025-10-20T16:46:30.100+0000] {standard_task_runner.py:91} INFO - Job 34: Subtask data_preprocessing_task
[2025-10-20T16:46:30.358+0000] {task_command.py:426} INFO - Running <TaskInstance: Airflow_Lab1_Rithika.data_preprocessing_task manual__2025-10-20T16:46:24.841077+00:00 [running]> on host bddbc10ace4f
[2025-10-20T16:46:30.557+0000] {taskinstance.py:2648} INFO - Exporting env vars: AIRFLOW_CTX_DAG_OWNER='rithika' AIRFLOW_CTX_DAG_ID='Airflow_Lab1_Rithika' AIRFLOW_CTX_TASK_ID='data_preprocessing_task' AIRFLOW_CTX_EXECUTION_DATE='2025-10-20T16:46:24.841077+00:00' AIRFLOW_CTX_TRY_NUMBER='1' AIRFLOW_CTX_DAG_RUN_ID='manual__2025-10-20T16:46:24.841077+00:00'
[2025-10-20T16:46:30.558+0000] {taskinstance.py:430} INFO - ::endgroup::
[2025-10-20T16:46:30.686+0000] {logging_mixin.py:188} INFO - ✅ Data preprocessing completed.
[2025-10-20T16:46:30.694+0000] {python.py:237} INFO - Done. Returned value was: {'feature1': {'0': -1.3363062095621219, '1': -0.8017837257372731, '2': -0.2672612419124244, '3': 0.2672612419124244, '4': 0.8017837257372731, '5': 1.3363062095621219}, 'feature2': {'0': -1.2259119521419866, '1': -0.9014058471632255, '2': -0.36056233886529027, '3': 0.3966185727518191, '4': 0.7211246777305803, '5': 1.3701368876881026}}
[2025-10-20T16:46:30.696+0000] {taskinstance.py:441} INFO - ::group::Post task execution logs
[2025-10-20T16:46:30.794+0000] {taskinstance.py:1206} INFO - Marking task as SUCCESS. dag_id=Airflow_Lab1_Rithika, task_id=data_preprocessing_task, run_id=manual__2025-10-20T16:46:24.841077+00:00, execution_date=20251020T164624, start_date=20251020T164629, end_date=20251020T164630
[2025-10-20T16:46:30.833+0000] {local_task_job_runner.py:240} INFO - Task exited with return code 0
[2025-10-20T16:46:30.879+0000] {taskinstance.py:3503} INFO - 1 downstream tasks scheduled from follow-on schedule check
[2025-10-20T16:46:30.882+0000] {local_task_job_runner.py:222} INFO - ::endgroup::
