[2025-10-20T16:43:52.367+0000] {local_task_job_runner.py:120} INFO - ::group::Pre task execution logs
[2025-10-20T16:43:52.393+0000] {taskinstance.py:2076} INFO - Dependencies all met for dep_context=non-requeueable deps ti=<TaskInstance: Airflow_Lab1_Rithika.serve_model_task manual__2025-10-20T16:43:41.498268+00:00 [queued]>
[2025-10-20T16:43:52.405+0000] {taskinstance.py:2076} INFO - Dependencies all met for dep_context=requeueable deps ti=<TaskInstance: Airflow_Lab1_Rithika.serve_model_task manual__2025-10-20T16:43:41.498268+00:00 [queued]>
[2025-10-20T16:43:52.408+0000] {taskinstance.py:2306} INFO - Starting attempt 1 of 1
[2025-10-20T16:43:52.426+0000] {taskinstance.py:2330} INFO - Executing <Task(PythonOperator): serve_model_task> on 2025-10-20 16:43:41.498268+00:00
[2025-10-20T16:43:52.441+0000] {warnings.py:112} WARNING - /home/***/.local/lib/python3.12/site-packages/***/task/task_runner/standard_task_runner.py:61: DeprecationWarning: This process (pid=539) is multi-threaded, use of fork() may lead to deadlocks in the child.
  pid = os.fork()

[2025-10-20T16:43:52.445+0000] {standard_task_runner.py:63} INFO - Started process 558 to run task
[2025-10-20T16:43:52.445+0000] {standard_task_runner.py:90} INFO - Running: ['***', 'tasks', 'run', 'Airflow_Lab1_Rithika', 'serve_model_task', 'manual__2025-10-20T16:43:41.498268+00:00', '--job-id', '28', '--raw', '--subdir', 'DAGS_FOLDER/***_lab1_dag.py', '--cfg-path', '/tmp/tmpyjhs_ba3']
[2025-10-20T16:43:52.450+0000] {standard_task_runner.py:91} INFO - Job 28: Subtask serve_model_task
[2025-10-20T16:43:52.541+0000] {task_command.py:426} INFO - Running <TaskInstance: Airflow_Lab1_Rithika.serve_model_task manual__2025-10-20T16:43:41.498268+00:00 [running]> on host bddbc10ace4f
[2025-10-20T16:43:52.687+0000] {taskinstance.py:2648} INFO - Exporting env vars: AIRFLOW_CTX_DAG_OWNER='rithika' AIRFLOW_CTX_DAG_ID='Airflow_Lab1_Rithika' AIRFLOW_CTX_TASK_ID='serve_model_task' AIRFLOW_CTX_EXECUTION_DATE='2025-10-20T16:43:41.498268+00:00' AIRFLOW_CTX_TRY_NUMBER='1' AIRFLOW_CTX_DAG_RUN_ID='manual__2025-10-20T16:43:41.498268+00:00'
[2025-10-20T16:43:52.689+0000] {taskinstance.py:430} INFO - ::endgroup::
[2025-10-20T16:43:52.706+0000] {logging_mixin.py:188} INFO - 🚀 Serving model via FastAPI simulation...
[2025-10-20T16:43:52.707+0000] {logging_mixin.py:188} INFO -    ➤ FastAPI endpoint: /predict
[2025-10-20T16:43:52.708+0000] {logging_mixin.py:188} INFO -    ➤ Model Path: /opt/***/working_data/model_rithika.pkl
[2025-10-20T16:43:52.709+0000] {logging_mixin.py:188} INFO - ✅ FastAPI server simulated successfully.
[2025-10-20T16:43:52.710+0000] {python.py:237} INFO - Done. Returned value was: Model served from /opt/***/working_data/model_rithika.pkl
[2025-10-20T16:43:52.711+0000] {taskinstance.py:441} INFO - ::group::Post task execution logs
[2025-10-20T16:43:52.742+0000] {taskinstance.py:1206} INFO - Marking task as SUCCESS. dag_id=Airflow_Lab1_Rithika, task_id=serve_model_task, run_id=manual__2025-10-20T16:43:41.498268+00:00, execution_date=20251020T164341, start_date=20251020T164352, end_date=20251020T164352
[2025-10-20T16:43:52.783+0000] {local_task_job_runner.py:240} INFO - Task exited with return code 0
[2025-10-20T16:43:52.804+0000] {taskinstance.py:3503} INFO - 0 downstream tasks scheduled from follow-on schedule check
[2025-10-20T16:43:52.807+0000] {local_task_job_runner.py:222} INFO - ::endgroup::
