[2025-10-20T15:02:07.022+0000] {manager.py:470} INFO - Processing files using up to 2 processes at a time 
[2025-10-20T15:02:07.024+0000] {manager.py:471} INFO - Process each file at most once every 30 seconds
[2025-10-20T15:02:07.025+0000] {manager.py:472} INFO - Checking for new files in /opt/airflow/dags every 300 seconds
[2025-10-20T15:02:07.027+0000] {manager.py:737} INFO - Searching for files in /opt/airflow/dags
[2025-10-20T15:02:07.033+0000] {manager.py:740} INFO - There are 0 files in /opt/airflow/dags
[2025-10-20T15:07:07.378+0000] {manager.py:737} INFO - Searching for files in /opt/airflow/dags
[2025-10-20T15:07:07.417+0000] {manager.py:740} INFO - There are 0 files in /opt/airflow/dags
[2025-10-20T15:12:07.748+0000] {manager.py:737} INFO - Searching for files in /opt/airflow/dags
[2025-10-20T15:12:07.825+0000] {manager.py:740} INFO - There are 1 files in /opt/airflow/dags
[2025-10-20T15:12:10.182+0000] {manager.py:878} INFO - 
================================================================================
DAG File Processing Stats

File Path                                PID  Runtime      # DAGs    # Errors  Last Runtime    Last Run
-------------------------------------  -----  ---------  --------  ----------  --------------  ----------
/opt/airflow/dags/airflow_lab1_dag.py    216  2.06s             0           0
================================================================================
[2025-10-20T15:12:40.333+0000] {manager.py:878} INFO - 
================================================================================
DAG File Processing Stats

File Path                              PID    Runtime      # DAGs    # Errors  Last Runtime    Last Run
-------------------------------------  -----  ---------  --------  ----------  --------------  -------------------
/opt/airflow/dags/airflow_lab1_dag.py                           1           0  6.74s           2025-10-20T15:12:14
================================================================================
[2025-10-20T15:13:11.209+0000] {manager.py:878} INFO - 
================================================================================
DAG File Processing Stats

File Path                              PID    Runtime      # DAGs    # Errors  Last Runtime    Last Run
-------------------------------------  -----  ---------  --------  ----------  --------------  -------------------
/opt/airflow/dags/airflow_lab1_dag.py                           1           0  1.06s           2025-10-20T15:12:46
================================================================================
[2025-10-20T15:13:41.395+0000] {manager.py:878} INFO - 
================================================================================
DAG File Processing Stats

File Path                              PID    Runtime      # DAGs    # Errors  Last Runtime    Last Run
-------------------------------------  -----  ---------  --------  ----------  --------------  -------------------
/opt/airflow/dags/airflow_lab1_dag.py                           1           0  1.05s           2025-10-20T15:13:17
================================================================================
[2025-10-20T15:17:10.144+0000] {manager.py:737} INFO - Searching for files in /opt/airflow/dags
[2025-10-20T15:17:10.310+0000] {manager.py:740} INFO - There are 1 files in /opt/airflow/dags
[2025-10-20T15:17:11.389+0000] {manager.py:878} INFO - 
================================================================================
DAG File Processing Stats

File Path                                PID  Runtime      # DAGs    # Errors  Last Runtime    Last Run
-------------------------------------  -----  ---------  --------  ----------  --------------  -------------------
/opt/airflow/dags/airflow_lab1_dag.py    317  1.02s             1           0  1.11s           2025-10-20T15:13:48
================================================================================
[2025-10-20T15:17:24.386+0000] {manager.py:452} INFO - Exiting gracefully upon receiving signal 15
[2025-10-20T15:19:03.335+0000] {manager.py:470} INFO - Processing files using up to 2 processes at a time 
[2025-10-20T15:19:03.400+0000] {manager.py:471} INFO - Process each file at most once every 30 seconds
[2025-10-20T15:19:03.402+0000] {manager.py:472} INFO - Checking for new files in /opt/airflow/dags every 300 seconds
[2025-10-20T15:19:03.404+0000] {manager.py:737} INFO - Searching for files in /opt/airflow/dags
[2025-10-20T15:19:03.428+0000] {manager.py:740} INFO - There are 1 files in /opt/airflow/dags
[2025-10-20T15:19:03.524+0000] {manager.py:878} INFO - 
================================================================================
DAG File Processing Stats

File Path                                PID  Runtime      # DAGs    # Errors  Last Runtime    Last Run
-------------------------------------  -----  ---------  --------  ----------  --------------  ----------
/opt/airflow/dags/airflow_lab1_dag.py     98  0.04s             0           0
================================================================================
[2025-10-20T15:19:33.715+0000] {manager.py:878} INFO - 
================================================================================
DAG File Processing Stats

File Path                              PID    Runtime      # DAGs    # Errors  Last Runtime    Last Run
-------------------------------------  -----  ---------  --------  ----------  --------------  -------------------
/opt/airflow/dags/airflow_lab1_dag.py                           1           0  2.56s           2025-10-20T15:19:06
================================================================================
[2025-10-20T15:20:03.884+0000] {manager.py:878} INFO - 
================================================================================
DAG File Processing Stats

File Path                              PID    Runtime      # DAGs    # Errors  Last Runtime    Last Run
-------------------------------------  -----  ---------  --------  ----------  --------------  -------------------
/opt/airflow/dags/airflow_lab1_dag.py                           1           0  1.73s           2025-10-20T15:19:37
================================================================================
[2025-10-20T15:20:34.300+0000] {manager.py:878} INFO - 
================================================================================
DAG File Processing Stats

File Path                              PID    Runtime      # DAGs    # Errors  Last Runtime    Last Run
-------------------------------------  -----  ---------  --------  ----------  --------------  -------------------
/opt/airflow/dags/airflow_lab1_dag.py                           1           0  1.43s           2025-10-20T15:20:09
================================================================================
[2025-10-20T15:21:04.879+0000] {manager.py:878} INFO - 
================================================================================
DAG File Processing Stats

File Path                              PID    Runtime      # DAGs    # Errors  Last Runtime    Last Run
-------------------------------------  -----  ---------  --------  ----------  --------------  -------------------
/opt/airflow/dags/airflow_lab1_dag.py                           1           0  2.29s           2025-10-20T15:20:42
================================================================================
[2025-10-20T15:21:35.350+0000] {manager.py:878} INFO - 
================================================================================
DAG File Processing Stats

File Path                              PID    Runtime      # DAGs    # Errors  Last Runtime    Last Run
-------------------------------------  -----  ---------  --------  ----------  --------------  -------------------
/opt/airflow/dags/airflow_lab1_dag.py                           1           0  1.39s           2025-10-20T15:21:13
================================================================================
[2025-10-20T15:22:05.890+0000] {manager.py:878} INFO - 
================================================================================
DAG File Processing Stats

File Path                              PID    Runtime      # DAGs    # Errors  Last Runtime    Last Run
-------------------------------------  -----  ---------  --------  ----------  --------------  -------------------
/opt/airflow/dags/airflow_lab1_dag.py                           1           0  1.17s           2025-10-20T15:21:44
================================================================================
[2025-10-20T15:22:36.251+0000] {manager.py:878} INFO - 
================================================================================
DAG File Processing Stats

File Path                              PID    Runtime      # DAGs    # Errors  Last Runtime    Last Run
-------------------------------------  -----  ---------  --------  ----------  --------------  -------------------
/opt/airflow/dags/airflow_lab1_dag.py                           1           0  1.10s           2025-10-20T15:22:16
================================================================================
[2025-10-20T15:23:06.468+0000] {manager.py:878} INFO - 
================================================================================
DAG File Processing Stats

File Path                              PID    Runtime      # DAGs    # Errors  Last Runtime    Last Run
-------------------------------------  -----  ---------  --------  ----------  --------------  -------------------
/opt/airflow/dags/airflow_lab1_dag.py                           1           0  1.18s           2025-10-20T15:22:47
================================================================================
[2025-10-20T15:23:16.280+0000] {manager.py:452} INFO - Exiting gracefully upon receiving signal 15
[2025-10-20T15:27:20.338+0000] {manager.py:470} INFO - Processing files using up to 2 processes at a time 
[2025-10-20T15:27:20.351+0000] {manager.py:471} INFO - Process each file at most once every 30 seconds
[2025-10-20T15:27:20.353+0000] {manager.py:472} INFO - Checking for new files in /opt/airflow/dags every 300 seconds
[2025-10-20T15:27:20.355+0000] {manager.py:737} INFO - Searching for files in /opt/airflow/dags
[2025-10-20T15:27:20.402+0000] {manager.py:740} INFO - There are 1 files in /opt/airflow/dags
[2025-10-20T15:27:20.559+0000] {manager.py:878} INFO - 
================================================================================
DAG File Processing Stats

File Path                                PID  Runtime      # DAGs    # Errors  Last Runtime    Last Run
-------------------------------------  -----  ---------  --------  ----------  --------------  ----------
/opt/airflow/dags/airflow_lab1_dag.py    100  0.08s             0           0
================================================================================
[2025-10-20T15:27:50.797+0000] {manager.py:878} INFO - 
================================================================================
DAG File Processing Stats

File Path                              PID    Runtime      # DAGs    # Errors  Last Runtime    Last Run
-------------------------------------  -----  ---------  --------  ----------  --------------  -------------------
/opt/airflow/dags/airflow_lab1_dag.py                           1           0  3.78s           2025-10-20T15:27:24
================================================================================
[2025-10-20T15:28:21.075+0000] {manager.py:878} INFO - 
================================================================================
DAG File Processing Stats

File Path                              PID    Runtime      # DAGs    # Errors  Last Runtime    Last Run
-------------------------------------  -----  ---------  --------  ----------  --------------  -------------------
/opt/airflow/dags/airflow_lab1_dag.py                           1           0  1.72s           2025-10-20T15:27:56
================================================================================
[2025-10-20T15:28:51.358+0000] {manager.py:878} INFO - 
================================================================================
DAG File Processing Stats

File Path                              PID    Runtime      # DAGs    # Errors  Last Runtime    Last Run
-------------------------------------  -----  ---------  --------  ----------  --------------  -------------------
/opt/airflow/dags/airflow_lab1_dag.py                           1           0  1.75s           2025-10-20T15:28:28
================================================================================
[2025-10-20T15:29:21.856+0000] {manager.py:878} INFO - 
================================================================================
DAG File Processing Stats

File Path                              PID    Runtime      # DAGs    # Errors  Last Runtime    Last Run
-------------------------------------  -----  ---------  --------  ----------  --------------  -------------------
/opt/airflow/dags/airflow_lab1_dag.py                           1           0  1.62s           2025-10-20T15:29:00
================================================================================
[2025-10-20T15:35:49.201+0000] {manager.py:737} INFO - Searching for files in /opt/airflow/dags
[2025-10-20T15:35:49.440+0000] {manager.py:740} INFO - There are 1 files in /opt/airflow/dags
[2025-10-20T15:36:08.764+0000] {manager.py:878} INFO - 
================================================================================
DAG File Processing Stats

File Path                              PID    Runtime      # DAGs    # Errors  Last Runtime    Last Run
-------------------------------------  -----  ---------  --------  ----------  --------------  -------------------
/opt/airflow/dags/airflow_lab1_dag.py                           1           0  4.15s           2025-10-20T15:35:52
================================================================================
[2025-10-20T15:36:39.074+0000] {manager.py:878} INFO - 
================================================================================
DAG File Processing Stats

File Path                              PID    Runtime      # DAGs    # Errors  Last Runtime    Last Run
-------------------------------------  -----  ---------  --------  ----------  --------------  -------------------
/opt/airflow/dags/airflow_lab1_dag.py                           1           0  1.63s           2025-10-20T15:36:24
================================================================================
[2025-10-20T15:37:09.411+0000] {manager.py:878} INFO - 
================================================================================
DAG File Processing Stats

File Path                              PID    Runtime      # DAGs    # Errors  Last Runtime    Last Run
-------------------------------------  -----  ---------  --------  ----------  --------------  -------------------
/opt/airflow/dags/airflow_lab1_dag.py                           1           0  1.63s           2025-10-20T15:36:56
================================================================================
[2025-10-20T15:37:39.698+0000] {manager.py:878} INFO - 
================================================================================
DAG File Processing Stats

File Path                              PID    Runtime      # DAGs    # Errors  Last Runtime    Last Run
-------------------------------------  -----  ---------  --------  ----------  --------------  -------------------
/opt/airflow/dags/airflow_lab1_dag.py                           1           0  1.68s           2025-10-20T15:37:28
================================================================================
[2025-10-20T15:38:09.988+0000] {manager.py:878} INFO - 
================================================================================
DAG File Processing Stats

File Path                              PID    Runtime      # DAGs    # Errors  Last Runtime    Last Run
-------------------------------------  -----  ---------  --------  ----------  --------------  -------------------
/opt/airflow/dags/airflow_lab1_dag.py                           1           0  1.73s           2025-10-20T15:38:00
================================================================================
[2025-10-20T15:38:40.109+0000] {manager.py:878} INFO - 
================================================================================
DAG File Processing Stats

File Path                              PID    Runtime      # DAGs    # Errors  Last Runtime    Last Run
-------------------------------------  -----  ---------  --------  ----------  --------------  -------------------
/opt/airflow/dags/airflow_lab1_dag.py                           1           0  1.84s           2025-10-20T15:38:33
================================================================================
[2025-10-20T15:39:10.584+0000] {manager.py:878} INFO - 
================================================================================
DAG File Processing Stats

File Path                              PID    Runtime      # DAGs    # Errors  Last Runtime    Last Run
-------------------------------------  -----  ---------  --------  ----------  --------------  -------------------
/opt/airflow/dags/airflow_lab1_dag.py                           1           0  1.63s           2025-10-20T15:39:04
================================================================================
[2025-10-20T15:39:40.839+0000] {manager.py:878} INFO - 
================================================================================
DAG File Processing Stats

File Path                              PID    Runtime      # DAGs    # Errors  Last Runtime    Last Run
-------------------------------------  -----  ---------  --------  ----------  --------------  -------------------
/opt/airflow/dags/airflow_lab1_dag.py                           1           0  1.55s           2025-10-20T15:39:36
================================================================================
[2025-10-20T15:40:11.158+0000] {manager.py:878} INFO - 
================================================================================
DAG File Processing Stats

File Path                              PID    Runtime      # DAGs    # Errors  Last Runtime    Last Run
-------------------------------------  -----  ---------  --------  ----------  --------------  -------------------
/opt/airflow/dags/airflow_lab1_dag.py                           1           0  1.45s           2025-10-20T15:40:08
================================================================================
[2025-10-20T15:40:41.345+0000] {manager.py:878} INFO - 
================================================================================
DAG File Processing Stats

File Path                              PID    Runtime      # DAGs    # Errors  Last Runtime    Last Run
-------------------------------------  -----  ---------  --------  ----------  --------------  -------------------
/opt/airflow/dags/airflow_lab1_dag.py                           1           0  1.45s           2025-10-20T15:40:40
================================================================================
[2025-10-20T15:40:49.447+0000] {manager.py:737} INFO - Searching for files in /opt/airflow/dags
[2025-10-20T15:40:49.508+0000] {manager.py:740} INFO - There are 1 files in /opt/airflow/dags
[2025-10-20T15:41:11.777+0000] {manager.py:878} INFO - 
================================================================================
DAG File Processing Stats

File Path                                PID  Runtime      # DAGs    # Errors  Last Runtime    Last Run
-------------------------------------  -----  ---------  --------  ----------  --------------  -------------------
/opt/airflow/dags/airflow_lab1_dag.py    457  1.01s             1           0  1.45s           2025-10-20T15:40:40
================================================================================
[2025-10-20T15:41:42.509+0000] {manager.py:878} INFO - 
================================================================================
DAG File Processing Stats

File Path                                PID  Runtime      # DAGs    # Errors  Last Runtime    Last Run
-------------------------------------  -----  ---------  --------  ----------  --------------  -------------------
/opt/airflow/dags/airflow_lab1_dag.py    482  0.01s             1           0  1.59s           2025-10-20T15:41:12
================================================================================
[2025-10-20T15:42:12.954+0000] {manager.py:878} INFO - 
================================================================================
DAG File Processing Stats

File Path                              PID    Runtime      # DAGs    # Errors  Last Runtime    Last Run
-------------------------------------  -----  ---------  --------  ----------  --------------  -------------------
/opt/airflow/dags/airflow_lab1_dag.py                           1           0  1.60s           2025-10-20T15:41:44
================================================================================
[2025-10-20T15:42:43.249+0000] {manager.py:878} INFO - 
================================================================================
DAG File Processing Stats

File Path                              PID    Runtime      # DAGs    # Errors  Last Runtime    Last Run
-------------------------------------  -----  ---------  --------  ----------  --------------  -------------------
/opt/airflow/dags/airflow_lab1_dag.py                           1           0  1.65s           2025-10-20T15:42:16
================================================================================
[2025-10-20T15:44:18.952+0000] {manager.py:878} INFO - 
================================================================================
DAG File Processing Stats

File Path                              PID    Runtime      # DAGs    # Errors  Last Runtime    Last Run
-------------------------------------  -----  ---------  --------  ----------  --------------  -------------------
/opt/airflow/dags/airflow_lab1_dag.py                           1           0  2.70s           2025-10-20T15:43:57
================================================================================
[2025-10-20T15:44:49.602+0000] {manager.py:878} INFO - 
================================================================================
DAG File Processing Stats

File Path                              PID    Runtime      # DAGs    # Errors  Last Runtime    Last Run
-------------------------------------  -----  ---------  --------  ----------  --------------  -------------------
/opt/airflow/dags/airflow_lab1_dag.py                           1           0  1.52s           2025-10-20T15:44:29
================================================================================
[2025-10-20T15:45:20.001+0000] {manager.py:878} INFO - 
================================================================================
DAG File Processing Stats

File Path                              PID    Runtime      # DAGs    # Errors  Last Runtime    Last Run
-------------------------------------  -----  ---------  --------  ----------  --------------  -------------------
/opt/airflow/dags/airflow_lab1_dag.py                           1           0  1.45s           2025-10-20T15:45:01
================================================================================
[2025-10-20T15:45:49.563+0000] {manager.py:737} INFO - Searching for files in /opt/airflow/dags
[2025-10-20T15:45:49.626+0000] {manager.py:740} INFO - There are 1 files in /opt/airflow/dags
[2025-10-20T15:45:50.085+0000] {manager.py:878} INFO - 
================================================================================
DAG File Processing Stats

File Path                              PID    Runtime      # DAGs    # Errors  Last Runtime    Last Run
-------------------------------------  -----  ---------  --------  ----------  --------------  -------------------
/opt/airflow/dags/airflow_lab1_dag.py                           1           0  1.51s           2025-10-20T15:45:32
================================================================================
[2025-10-20T15:46:20.395+0000] {manager.py:878} INFO - 
================================================================================
DAG File Processing Stats

File Path                              PID    Runtime      # DAGs    # Errors  Last Runtime    Last Run
-------------------------------------  -----  ---------  --------  ----------  --------------  -------------------
/opt/airflow/dags/airflow_lab1_dag.py                           1           0  1.47s           2025-10-20T15:46:04
================================================================================
[2025-10-20T15:46:50.555+0000] {manager.py:878} INFO - 
================================================================================
DAG File Processing Stats

File Path                              PID    Runtime      # DAGs    # Errors  Last Runtime    Last Run
-------------------------------------  -----  ---------  --------  ----------  --------------  -------------------
/opt/airflow/dags/airflow_lab1_dag.py                           1           0  1.46s           2025-10-20T15:46:36
================================================================================
[2025-10-20T15:47:20.818+0000] {manager.py:878} INFO - 
================================================================================
DAG File Processing Stats

File Path                              PID    Runtime      # DAGs    # Errors  Last Runtime    Last Run
-------------------------------------  -----  ---------  --------  ----------  --------------  -------------------
/opt/airflow/dags/airflow_lab1_dag.py                           1           0  1.35s           2025-10-20T15:47:08
================================================================================
[2025-10-20T15:47:51.458+0000] {manager.py:878} INFO - 
================================================================================
DAG File Processing Stats

File Path                              PID    Runtime      # DAGs    # Errors  Last Runtime    Last Run
-------------------------------------  -----  ---------  --------  ----------  --------------  -------------------
/opt/airflow/dags/airflow_lab1_dag.py                           1           0  1.28s           2025-10-20T15:47:39
================================================================================
[2025-10-20T15:48:21.966+0000] {manager.py:878} INFO - 
================================================================================
DAG File Processing Stats

File Path                              PID    Runtime      # DAGs    # Errors  Last Runtime    Last Run
-------------------------------------  -----  ---------  --------  ----------  --------------  -------------------
/opt/airflow/dags/airflow_lab1_dag.py                           1           0  1.49s           2025-10-20T15:48:11
================================================================================
[2025-10-20T15:48:52.534+0000] {manager.py:878} INFO - 
================================================================================
DAG File Processing Stats

File Path                              PID    Runtime      # DAGs    # Errors  Last Runtime    Last Run
-------------------------------------  -----  ---------  --------  ----------  --------------  -------------------
/opt/airflow/dags/airflow_lab1_dag.py                           1           0  1.62s           2025-10-20T15:48:42
================================================================================
[2025-10-20T15:49:22.614+0000] {manager.py:878} INFO - 
================================================================================
DAG File Processing Stats

File Path                              PID    Runtime      # DAGs    # Errors  Last Runtime    Last Run
-------------------------------------  -----  ---------  --------  ----------  --------------  -------------------
/opt/airflow/dags/airflow_lab1_dag.py                           1           0  1.42s           2025-10-20T15:49:14
================================================================================
[2025-10-20T15:49:53.533+0000] {manager.py:878} INFO - 
================================================================================
DAG File Processing Stats

File Path                              PID    Runtime      # DAGs    # Errors  Last Runtime    Last Run
-------------------------------------  -----  ---------  --------  ----------  --------------  -------------------
/opt/airflow/dags/airflow_lab1_dag.py                           1           0  1.66s           2025-10-20T15:49:46
================================================================================
[2025-10-20T15:50:23.832+0000] {manager.py:878} INFO - 
================================================================================
DAG File Processing Stats

File Path                              PID    Runtime      # DAGs    # Errors  Last Runtime    Last Run
-------------------------------------  -----  ---------  --------  ----------  --------------  -------------------
/opt/airflow/dags/airflow_lab1_dag.py                           1           0  1.67s           2025-10-20T15:50:18
================================================================================
[2025-10-20T15:50:49.725+0000] {manager.py:737} INFO - Searching for files in /opt/airflow/dags
[2025-10-20T15:50:49.771+0000] {manager.py:740} INFO - There are 1 files in /opt/airflow/dags
[2025-10-20T15:50:54.105+0000] {manager.py:878} INFO - 
================================================================================
DAG File Processing Stats

File Path                              PID    Runtime      # DAGs    # Errors  Last Runtime    Last Run
-------------------------------------  -----  ---------  --------  ----------  --------------  -------------------
/opt/airflow/dags/airflow_lab1_dag.py                           1           0  1.47s           2025-10-20T15:50:50
================================================================================
[2025-10-20T15:51:24.488+0000] {manager.py:878} INFO - 
================================================================================
DAG File Processing Stats

File Path                              PID    Runtime      # DAGs    # Errors  Last Runtime    Last Run
-------------------------------------  -----  ---------  --------  ----------  --------------  -------------------
/opt/airflow/dags/airflow_lab1_dag.py                           1           0  1.64s           2025-10-20T15:51:22
================================================================================
[2025-10-20T15:51:54.779+0000] {manager.py:878} INFO - 
================================================================================
DAG File Processing Stats

File Path                              PID    Runtime      # DAGs    # Errors  Last Runtime    Last Run
-------------------------------------  -----  ---------  --------  ----------  --------------  -------------------
/opt/airflow/dags/airflow_lab1_dag.py                           1           0  1.55s           2025-10-20T15:51:53
================================================================================
[2025-10-20T15:52:25.108+0000] {manager.py:878} INFO - 
================================================================================
DAG File Processing Stats

File Path                                PID  Runtime      # DAGs    # Errors  Last Runtime    Last Run
-------------------------------------  -----  ---------  --------  ----------  --------------  -------------------
/opt/airflow/dags/airflow_lab1_dag.py    938  1.02s             1           0  1.55s           2025-10-20T15:51:53
================================================================================
[2025-10-20T15:52:55.430+0000] {manager.py:878} INFO - 
================================================================================
DAG File Processing Stats

File Path                              PID    Runtime      # DAGs    # Errors  Last Runtime    Last Run
-------------------------------------  -----  ---------  --------  ----------  --------------  -------------------
/opt/airflow/dags/airflow_lab1_dag.py                           1           0  1.53s           2025-10-20T15:52:25
================================================================================
[2025-10-20T15:53:25.751+0000] {manager.py:878} INFO - 
================================================================================
DAG File Processing Stats

File Path                              PID    Runtime      # DAGs    # Errors  Last Runtime    Last Run
-------------------------------------  -----  ---------  --------  ----------  --------------  -------------------
/opt/airflow/dags/airflow_lab1_dag.py                           1           0  1.75s           2025-10-20T15:52:57
================================================================================
[2025-10-20T15:53:56.245+0000] {manager.py:878} INFO - 
================================================================================
DAG File Processing Stats

File Path                              PID    Runtime      # DAGs    # Errors  Last Runtime    Last Run
-------------------------------------  -----  ---------  --------  ----------  --------------  -------------------
/opt/airflow/dags/airflow_lab1_dag.py                           1           0  1.60s           2025-10-20T15:53:29
================================================================================
[2025-10-20T15:54:26.572+0000] {manager.py:878} INFO - 
================================================================================
DAG File Processing Stats

File Path                              PID    Runtime      # DAGs    # Errors  Last Runtime    Last Run
-------------------------------------  -----  ---------  --------  ----------  --------------  -------------------
/opt/airflow/dags/airflow_lab1_dag.py                           1           0  1.58s           2025-10-20T15:54:01
================================================================================
[2025-10-20T15:54:56.934+0000] {manager.py:878} INFO - 
================================================================================
DAG File Processing Stats

File Path                              PID    Runtime      # DAGs    # Errors  Last Runtime    Last Run
-------------------------------------  -----  ---------  --------  ----------  --------------  -------------------
/opt/airflow/dags/airflow_lab1_dag.py                           1           0  1.52s           2025-10-20T15:54:33
================================================================================
[2025-10-20T15:55:27.106+0000] {manager.py:878} INFO - 
================================================================================
DAG File Processing Stats

File Path                              PID    Runtime      # DAGs    # Errors  Last Runtime    Last Run
-------------------------------------  -----  ---------  --------  ----------  --------------  -------------------
/opt/airflow/dags/airflow_lab1_dag.py                           1           0  1.42s           2025-10-20T15:55:04
================================================================================
[2025-10-20T15:55:49.870+0000] {manager.py:737} INFO - Searching for files in /opt/airflow/dags
[2025-10-20T15:55:49.918+0000] {manager.py:740} INFO - There are 1 files in /opt/airflow/dags
[2025-10-20T15:55:57.358+0000] {manager.py:878} INFO - 
================================================================================
DAG File Processing Stats

File Path                              PID    Runtime      # DAGs    # Errors  Last Runtime    Last Run
-------------------------------------  -----  ---------  --------  ----------  --------------  -------------------
/opt/airflow/dags/airflow_lab1_dag.py                           1           0  1.56s           2025-10-20T15:55:36
================================================================================
[2025-10-20T15:56:27.653+0000] {manager.py:878} INFO - 
================================================================================
DAG File Processing Stats

File Path                              PID    Runtime      # DAGs    # Errors  Last Runtime    Last Run
-------------------------------------  -----  ---------  --------  ----------  --------------  -------------------
/opt/airflow/dags/airflow_lab1_dag.py                           1           0  1.66s           2025-10-20T15:56:08
================================================================================
[2025-10-20T15:56:57.871+0000] {manager.py:878} INFO - 
================================================================================
DAG File Processing Stats

File Path                              PID    Runtime      # DAGs    # Errors  Last Runtime    Last Run
-------------------------------------  -----  ---------  --------  ----------  --------------  -------------------
/opt/airflow/dags/airflow_lab1_dag.py                           1           0  1.65s           2025-10-20T15:56:40
================================================================================
[2025-10-20T15:57:28.546+0000] {manager.py:878} INFO - 
================================================================================
DAG File Processing Stats

File Path                              PID    Runtime      # DAGs    # Errors  Last Runtime    Last Run
-------------------------------------  -----  ---------  --------  ----------  --------------  -------------------
/opt/airflow/dags/airflow_lab1_dag.py                           1           0  1.61s           2025-10-20T15:57:12
================================================================================
[2025-10-20T15:57:59.126+0000] {manager.py:878} INFO - 
================================================================================
DAG File Processing Stats

File Path                              PID    Runtime      # DAGs    # Errors  Last Runtime    Last Run
-------------------------------------  -----  ---------  --------  ----------  --------------  -------------------
/opt/airflow/dags/airflow_lab1_dag.py                           1           0  1.64s           2025-10-20T15:57:44
================================================================================
[2025-10-20T15:58:29.350+0000] {manager.py:878} INFO - 
================================================================================
DAG File Processing Stats

File Path                              PID    Runtime      # DAGs    # Errors  Last Runtime    Last Run
-------------------------------------  -----  ---------  --------  ----------  --------------  -------------------
/opt/airflow/dags/airflow_lab1_dag.py                           1           0  1.56s           2025-10-20T15:58:16
================================================================================
[2025-10-20T15:59:00.105+0000] {manager.py:878} INFO - 
================================================================================
DAG File Processing Stats

File Path                              PID    Runtime      # DAGs    # Errors  Last Runtime    Last Run
-------------------------------------  -----  ---------  --------  ----------  --------------  -------------------
/opt/airflow/dags/airflow_lab1_dag.py                           1           0  1.67s           2025-10-20T15:58:48
================================================================================
[2025-10-20T15:59:30.591+0000] {manager.py:878} INFO - 
================================================================================
DAG File Processing Stats

File Path                              PID    Runtime      # DAGs    # Errors  Last Runtime    Last Run
-------------------------------------  -----  ---------  --------  ----------  --------------  -------------------
/opt/airflow/dags/airflow_lab1_dag.py                           1           0  1.51s           2025-10-20T15:59:19
================================================================================
[2025-10-20T16:00:00.728+0000] {manager.py:878} INFO - 
================================================================================
DAG File Processing Stats

File Path                              PID    Runtime      # DAGs    # Errors  Last Runtime    Last Run
-------------------------------------  -----  ---------  --------  ----------  --------------  -------------------
/opt/airflow/dags/airflow_lab1_dag.py                           1           0  1.47s           2025-10-20T15:59:51
================================================================================
[2025-10-20T16:00:31.597+0000] {manager.py:878} INFO - 
================================================================================
DAG File Processing Stats

File Path                              PID    Runtime      # DAGs    # Errors  Last Runtime    Last Run
-------------------------------------  -----  ---------  --------  ----------  --------------  -------------------
/opt/airflow/dags/airflow_lab1_dag.py                           1           0  1.56s           2025-10-20T16:00:23
================================================================================
[2025-10-20T16:00:50.791+0000] {manager.py:737} INFO - Searching for files in /opt/airflow/dags
[2025-10-20T16:00:50.825+0000] {manager.py:740} INFO - There are 1 files in /opt/airflow/dags
[2025-10-20T16:01:02.005+0000] {manager.py:878} INFO - 
================================================================================
DAG File Processing Stats

File Path                              PID    Runtime      # DAGs    # Errors  Last Runtime    Last Run
-------------------------------------  -----  ---------  --------  ----------  --------------  -------------------
/opt/airflow/dags/airflow_lab1_dag.py                           1           0  1.59s           2025-10-20T16:00:55
================================================================================
[2025-10-20T16:01:32.310+0000] {manager.py:878} INFO - 
================================================================================
DAG File Processing Stats

File Path                              PID    Runtime      # DAGs    # Errors  Last Runtime    Last Run
-------------------------------------  -----  ---------  --------  ----------  --------------  -------------------
/opt/airflow/dags/airflow_lab1_dag.py                           1           0  1.67s           2025-10-20T16:01:27
================================================================================
[2025-10-20T16:02:57.631+0000] {manager.py:878} INFO - 
================================================================================
DAG File Processing Stats

File Path                              PID    Runtime      # DAGs    # Errors  Last Runtime    Last Run
-------------------------------------  -----  ---------  --------  ----------  --------------  -------------------
/opt/airflow/dags/airflow_lab1_dag.py                           1           0  2.01s           2025-10-20T16:02:47
================================================================================
[2025-10-20T16:03:27.941+0000] {manager.py:878} INFO - 
================================================================================
DAG File Processing Stats

File Path                              PID    Runtime      # DAGs    # Errors  Last Runtime    Last Run
-------------------------------------  -----  ---------  --------  ----------  --------------  -------------------
/opt/airflow/dags/airflow_lab1_dag.py                           1           0  1.41s           2025-10-20T16:03:19
================================================================================
[2025-10-20T16:03:58.119+0000] {manager.py:878} INFO - 
================================================================================
DAG File Processing Stats

File Path                              PID    Runtime      # DAGs    # Errors  Last Runtime    Last Run
-------------------------------------  -----  ---------  --------  ----------  --------------  -------------------
/opt/airflow/dags/airflow_lab1_dag.py                           1           0  1.52s           2025-10-20T16:03:51
================================================================================
[2025-10-20T16:04:28.847+0000] {manager.py:878} INFO - 
================================================================================
DAG File Processing Stats

File Path                              PID    Runtime      # DAGs    # Errors  Last Runtime    Last Run
-------------------------------------  -----  ---------  --------  ----------  --------------  -------------------
/opt/airflow/dags/airflow_lab1_dag.py                           1           0  1.50s           2025-10-20T16:04:22
================================================================================
[2025-10-20T16:04:59.149+0000] {manager.py:878} INFO - 
================================================================================
DAG File Processing Stats

File Path                              PID    Runtime      # DAGs    # Errors  Last Runtime    Last Run
-------------------------------------  -----  ---------  --------  ----------  --------------  -------------------
/opt/airflow/dags/airflow_lab1_dag.py                           1           0  1.48s           2025-10-20T16:04:54
================================================================================
[2025-10-20T16:05:29.340+0000] {manager.py:878} INFO - 
================================================================================
DAG File Processing Stats

File Path                              PID    Runtime      # DAGs    # Errors  Last Runtime    Last Run
-------------------------------------  -----  ---------  --------  ----------  --------------  -------------------
/opt/airflow/dags/airflow_lab1_dag.py                           1           0  1.45s           2025-10-20T16:05:26
================================================================================
[2025-10-20T16:05:51.120+0000] {manager.py:737} INFO - Searching for files in /opt/airflow/dags
[2025-10-20T16:05:51.188+0000] {manager.py:740} INFO - There are 1 files in /opt/airflow/dags
[2025-10-20T16:05:59.661+0000] {manager.py:878} INFO - 
================================================================================
DAG File Processing Stats

File Path                              PID    Runtime      # DAGs    # Errors  Last Runtime    Last Run
-------------------------------------  -----  ---------  --------  ----------  --------------  -------------------
/opt/airflow/dags/airflow_lab1_dag.py                           1           0  1.63s           2025-10-20T16:05:58
================================================================================
[2025-10-20T16:06:29.958+0000] {manager.py:878} INFO - 
================================================================================
DAG File Processing Stats

File Path                                PID  Runtime      # DAGs    # Errors  Last Runtime    Last Run
-------------------------------------  -----  ---------  --------  ----------  --------------  -------------------
/opt/airflow/dags/airflow_lab1_dag.py   1576  1.36s             1           0  1.63s           2025-10-20T16:05:58
================================================================================
[2025-10-20T16:07:00.307+0000] {manager.py:878} INFO - 
================================================================================
DAG File Processing Stats

File Path                                PID  Runtime      # DAGs    # Errors  Last Runtime    Last Run
-------------------------------------  -----  ---------  --------  ----------  --------------  -------------------
/opt/airflow/dags/airflow_lab1_dag.py   1601  0.01s             1           0  1.43s           2025-10-20T16:06:30
================================================================================
[2025-10-20T16:07:30.607+0000] {manager.py:878} INFO - 
================================================================================
DAG File Processing Stats

File Path                              PID    Runtime      # DAGs    # Errors  Last Runtime    Last Run
-------------------------------------  -----  ---------  --------  ----------  --------------  -------------------
/opt/airflow/dags/airflow_lab1_dag.py                           1           0  1.46s           2025-10-20T16:07:01
================================================================================
[2025-10-20T16:08:00.880+0000] {manager.py:878} INFO - 
================================================================================
DAG File Processing Stats

File Path                              PID    Runtime      # DAGs    # Errors  Last Runtime    Last Run
-------------------------------------  -----  ---------  --------  ----------  --------------  -------------------
/opt/airflow/dags/airflow_lab1_dag.py                           1           0  1.54s           2025-10-20T16:07:33
================================================================================
[2025-10-20T16:08:30.930+0000] {manager.py:878} INFO - 
================================================================================
DAG File Processing Stats

File Path                              PID    Runtime      # DAGs    # Errors  Last Runtime    Last Run
-------------------------------------  -----  ---------  --------  ----------  --------------  -------------------
/opt/airflow/dags/airflow_lab1_dag.py                           1           0  1.74s           2025-10-20T16:08:05
================================================================================
[2025-10-20T16:09:01.228+0000] {manager.py:878} INFO - 
================================================================================
DAG File Processing Stats

File Path                              PID    Runtime      # DAGs    # Errors  Last Runtime    Last Run
-------------------------------------  -----  ---------  --------  ----------  --------------  -------------------
/opt/airflow/dags/airflow_lab1_dag.py                           1           0  1.55s           2025-10-20T16:08:37
================================================================================
[2025-10-20T16:09:31.805+0000] {manager.py:878} INFO - 
================================================================================
DAG File Processing Stats

File Path                              PID    Runtime      # DAGs    # Errors  Last Runtime    Last Run
-------------------------------------  -----  ---------  --------  ----------  --------------  -------------------
/opt/airflow/dags/airflow_lab1_dag.py                           1           0  1.62s           2025-10-20T16:09:08
================================================================================
[2025-10-20T16:10:02.019+0000] {manager.py:878} INFO - 
================================================================================
DAG File Processing Stats

File Path                              PID    Runtime      # DAGs    # Errors  Last Runtime    Last Run
-------------------------------------  -----  ---------  --------  ----------  --------------  -------------------
/opt/airflow/dags/airflow_lab1_dag.py                           1           0  1.57s           2025-10-20T16:09:40
================================================================================
[2025-10-20T16:10:32.779+0000] {manager.py:878} INFO - 
================================================================================
DAG File Processing Stats

File Path                              PID    Runtime      # DAGs    # Errors  Last Runtime    Last Run
-------------------------------------  -----  ---------  --------  ----------  --------------  -------------------
/opt/airflow/dags/airflow_lab1_dag.py                           1           0  1.66s           2025-10-20T16:10:12
================================================================================
[2025-10-20T16:10:41.413+0000] {manager.py:452} INFO - Exiting gracefully upon receiving signal 15
[2025-10-20T16:12:01.649+0000] {manager.py:470} INFO - Processing files using up to 2 processes at a time 
[2025-10-20T16:12:01.652+0000] {manager.py:471} INFO - Process each file at most once every 30 seconds
[2025-10-20T16:12:01.654+0000] {manager.py:472} INFO - Checking for new files in /opt/airflow/dags every 300 seconds
[2025-10-20T16:12:01.656+0000] {manager.py:737} INFO - Searching for files in /opt/airflow/dags
[2025-10-20T16:12:01.704+0000] {manager.py:740} INFO - There are 1 files in /opt/airflow/dags
[2025-10-20T16:12:01.829+0000] {manager.py:878} INFO - 
================================================================================
DAG File Processing Stats

File Path                                PID  Runtime      # DAGs    # Errors  Last Runtime    Last Run
-------------------------------------  -----  ---------  --------  ----------  --------------  ----------
/opt/airflow/dags/airflow_lab1_dag.py     75  0.06s             0           0
================================================================================
[2025-10-20T16:12:32.037+0000] {manager.py:878} INFO - 
================================================================================
DAG File Processing Stats

File Path                              PID    Runtime      # DAGs    # Errors  Last Runtime    Last Run
-------------------------------------  -----  ---------  --------  ----------  --------------  -------------------
/opt/airflow/dags/airflow_lab1_dag.py                           1           0  1.99s           2025-10-20T16:12:03
================================================================================
[2025-10-20T16:13:02.373+0000] {manager.py:878} INFO - 
================================================================================
DAG File Processing Stats

File Path                              PID    Runtime      # DAGs    # Errors  Last Runtime    Last Run
-------------------------------------  -----  ---------  --------  ----------  --------------  -------------------
/opt/airflow/dags/airflow_lab1_dag.py                           1           0  1.49s           2025-10-20T16:12:35
================================================================================
[2025-10-20T16:13:32.623+0000] {manager.py:878} INFO - 
================================================================================
DAG File Processing Stats

File Path                              PID    Runtime      # DAGs    # Errors  Last Runtime    Last Run
-------------------------------------  -----  ---------  --------  ----------  --------------  -------------------
/opt/airflow/dags/airflow_lab1_dag.py                           1           0  1.65s           2025-10-20T16:13:07
================================================================================
[2025-10-20T16:14:02.961+0000] {manager.py:878} INFO - 
================================================================================
DAG File Processing Stats

File Path                              PID    Runtime      # DAGs    # Errors  Last Runtime    Last Run
-------------------------------------  -----  ---------  --------  ----------  --------------  -------------------
/opt/airflow/dags/airflow_lab1_dag.py                           1           0  1.42s           2025-10-20T16:13:39
================================================================================
[2025-10-20T16:14:32.987+0000] {manager.py:878} INFO - 
================================================================================
DAG File Processing Stats

File Path                              PID    Runtime      # DAGs    # Errors  Last Runtime    Last Run
-------------------------------------  -----  ---------  --------  ----------  --------------  -------------------
/opt/airflow/dags/airflow_lab1_dag.py                           1           0  1.46s           2025-10-20T16:14:10
================================================================================
[2025-10-20T16:15:03.795+0000] {manager.py:878} INFO - 
================================================================================
DAG File Processing Stats

File Path                              PID    Runtime      # DAGs    # Errors  Last Runtime    Last Run
-------------------------------------  -----  ---------  --------  ----------  --------------  -------------------
/opt/airflow/dags/airflow_lab1_dag.py                           1           0  1.68s           2025-10-20T16:14:42
================================================================================
[2025-10-20T16:15:33.803+0000] {manager.py:878} INFO - 
================================================================================
DAG File Processing Stats

File Path                              PID    Runtime      # DAGs    # Errors  Last Runtime    Last Run
-------------------------------------  -----  ---------  --------  ----------  --------------  -------------------
/opt/airflow/dags/airflow_lab1_dag.py                           1           0  1.72s           2025-10-20T16:15:14
================================================================================
[2025-10-20T16:16:04.463+0000] {manager.py:878} INFO - 
================================================================================
DAG File Processing Stats

File Path                              PID    Runtime      # DAGs    # Errors  Last Runtime    Last Run
-------------------------------------  -----  ---------  --------  ----------  --------------  -------------------
/opt/airflow/dags/airflow_lab1_dag.py                           1           0  1.60s           2025-10-20T16:15:46
================================================================================
[2025-10-20T16:16:34.941+0000] {manager.py:878} INFO - 
================================================================================
DAG File Processing Stats

File Path                              PID    Runtime      # DAGs    # Errors  Last Runtime    Last Run
-------------------------------------  -----  ---------  --------  ----------  --------------  -------------------
/opt/airflow/dags/airflow_lab1_dag.py                           1           0  1.54s           2025-10-20T16:16:18
================================================================================
[2025-10-20T16:17:01.915+0000] {manager.py:737} INFO - Searching for files in /opt/airflow/dags
[2025-10-20T16:17:01.989+0000] {manager.py:740} INFO - There are 1 files in /opt/airflow/dags
[2025-10-20T16:17:05.047+0000] {manager.py:878} INFO - 
================================================================================
DAG File Processing Stats

File Path                              PID    Runtime      # DAGs    # Errors  Last Runtime    Last Run
-------------------------------------  -----  ---------  --------  ----------  --------------  -------------------
/opt/airflow/dags/airflow_lab1_dag.py                           1           0  1.44s           2025-10-20T16:16:49
================================================================================
[2025-10-20T16:17:35.802+0000] {manager.py:878} INFO - 
================================================================================
DAG File Processing Stats

File Path                              PID    Runtime      # DAGs    # Errors  Last Runtime    Last Run
-------------------------------------  -----  ---------  --------  ----------  --------------  -------------------
/opt/airflow/dags/airflow_lab1_dag.py                           1           0  1.62s           2025-10-20T16:17:21
================================================================================
[2025-10-20T16:18:06.200+0000] {manager.py:878} INFO - 
================================================================================
DAG File Processing Stats

File Path                              PID    Runtime      # DAGs    # Errors  Last Runtime    Last Run
-------------------------------------  -----  ---------  --------  ----------  --------------  -------------------
/opt/airflow/dags/airflow_lab1_dag.py                           1           0  1.44s           2025-10-20T16:17:53
================================================================================
[2025-10-20T16:18:36.372+0000] {manager.py:878} INFO - 
================================================================================
DAG File Processing Stats

File Path                              PID    Runtime      # DAGs    # Errors  Last Runtime    Last Run
-------------------------------------  -----  ---------  --------  ----------  --------------  -------------------
/opt/airflow/dags/airflow_lab1_dag.py                           1           0  1.63s           2025-10-20T16:18:25
================================================================================
[2025-10-20T16:19:06.645+0000] {manager.py:878} INFO - 
================================================================================
DAG File Processing Stats

File Path                              PID    Runtime      # DAGs    # Errors  Last Runtime    Last Run
-------------------------------------  -----  ---------  --------  ----------  --------------  -------------------
/opt/airflow/dags/airflow_lab1_dag.py                           1           0  1.35s           2025-10-20T16:18:56
================================================================================
[2025-10-20T16:19:36.774+0000] {manager.py:878} INFO - 
================================================================================
DAG File Processing Stats

File Path                              PID    Runtime      # DAGs    # Errors  Last Runtime    Last Run
-------------------------------------  -----  ---------  --------  ----------  --------------  -------------------
/opt/airflow/dags/airflow_lab1_dag.py                           1           0  1.50s           2025-10-20T16:19:28
================================================================================
[2025-10-20T16:20:07.577+0000] {manager.py:878} INFO - 
================================================================================
DAG File Processing Stats

File Path                              PID    Runtime      # DAGs    # Errors  Last Runtime    Last Run
-------------------------------------  -----  ---------  --------  ----------  --------------  -------------------
/opt/airflow/dags/airflow_lab1_dag.py                           1           0  1.49s           2025-10-20T16:20:00
================================================================================
[2025-10-20T16:20:37.922+0000] {manager.py:878} INFO - 
================================================================================
DAG File Processing Stats

File Path                              PID    Runtime      # DAGs    # Errors  Last Runtime    Last Run
-------------------------------------  -----  ---------  --------  ----------  --------------  -------------------
/opt/airflow/dags/airflow_lab1_dag.py                           1           0  1.51s           2025-10-20T16:20:32
================================================================================
[2025-10-20T16:21:08.231+0000] {manager.py:878} INFO - 
================================================================================
DAG File Processing Stats

File Path                              PID    Runtime      # DAGs    # Errors  Last Runtime    Last Run
-------------------------------------  -----  ---------  --------  ----------  --------------  -------------------
/opt/airflow/dags/airflow_lab1_dag.py                           1           0  1.55s           2025-10-20T16:21:04
================================================================================
[2025-10-20T16:21:38.374+0000] {manager.py:878} INFO - 
================================================================================
DAG File Processing Stats

File Path                              PID    Runtime      # DAGs    # Errors  Last Runtime    Last Run
-------------------------------------  -----  ---------  --------  ----------  --------------  -------------------
/opt/airflow/dags/airflow_lab1_dag.py                           1           0  1.79s           2025-10-20T16:21:36
================================================================================
[2025-10-20T16:26:49.513+0000] {manager.py:737} INFO - Searching for files in /opt/airflow/dags
[2025-10-20T16:26:51.128+0000] {manager.py:740} INFO - There are 1 files in /opt/airflow/dags
[2025-10-20T16:27:08.538+0000] {manager.py:878} INFO - 
================================================================================
DAG File Processing Stats

File Path                              PID    Runtime      # DAGs    # Errors  Last Runtime    Last Run
-------------------------------------  -----  ---------  --------  ----------  --------------  -------------------
/opt/airflow/dags/airflow_lab1_dag.py                           1           0  2.97s           2025-10-20T16:26:54
================================================================================
[2025-10-20T16:27:39.169+0000] {manager.py:878} INFO - 
================================================================================
DAG File Processing Stats

File Path                              PID    Runtime      # DAGs    # Errors  Last Runtime    Last Run
-------------------------------------  -----  ---------  --------  ----------  --------------  -------------------
/opt/airflow/dags/airflow_lab1_dag.py                           1           0  1.53s           2025-10-20T16:27:26
================================================================================
[2025-10-20T16:28:09.466+0000] {manager.py:878} INFO - 
================================================================================
DAG File Processing Stats

File Path                              PID    Runtime      # DAGs    # Errors  Last Runtime    Last Run
-------------------------------------  -----  ---------  --------  ----------  --------------  -------------------
/opt/airflow/dags/airflow_lab1_dag.py                           1           0  1.56s           2025-10-20T16:27:58
================================================================================
[2025-10-20T16:28:39.830+0000] {manager.py:878} INFO - 
================================================================================
DAG File Processing Stats

File Path                              PID    Runtime      # DAGs    # Errors  Last Runtime    Last Run
-------------------------------------  -----  ---------  --------  ----------  --------------  -------------------
/opt/airflow/dags/airflow_lab1_dag.py                           1           0  1.64s           2025-10-20T16:28:30
================================================================================
[2025-10-20T16:29:10.129+0000] {manager.py:878} INFO - 
================================================================================
DAG File Processing Stats

File Path                              PID    Runtime      # DAGs    # Errors  Last Runtime    Last Run
-------------------------------------  -----  ---------  --------  ----------  --------------  -------------------
/opt/airflow/dags/airflow_lab1_dag.py                           1           0  1.70s           2025-10-20T16:29:02
================================================================================
[2025-10-20T16:29:40.291+0000] {manager.py:878} INFO - 
================================================================================
DAG File Processing Stats

File Path                              PID    Runtime      # DAGs    # Errors  Last Runtime    Last Run
-------------------------------------  -----  ---------  --------  ----------  --------------  -------------------
/opt/airflow/dags/airflow_lab1_dag.py                           1           0  1.55s           2025-10-20T16:29:34
================================================================================
[2025-10-20T16:30:34.808+0000] {manager.py:878} INFO - 
================================================================================
DAG File Processing Stats

File Path                              PID    Runtime      # DAGs    # Errors  Last Runtime    Last Run
-------------------------------------  -----  ---------  --------  ----------  --------------  -------------------
/opt/airflow/dags/airflow_lab1_dag.py                           1           0  1.48s           2025-10-20T16:30:30
================================================================================
[2025-10-20T16:31:04.898+0000] {manager.py:878} INFO - 
================================================================================
DAG File Processing Stats

File Path                              PID    Runtime      # DAGs    # Errors  Last Runtime    Last Run
-------------------------------------  -----  ---------  --------  ----------  --------------  -------------------
/opt/airflow/dags/airflow_lab1_dag.py                           1           0  1.70s           2025-10-20T16:30:49
================================================================================
[2025-10-20T16:31:35.212+0000] {manager.py:878} INFO - 
================================================================================
DAG File Processing Stats

File Path                              PID    Runtime      # DAGs    # Errors  Last Runtime    Last Run
-------------------------------------  -----  ---------  --------  ----------  --------------  -------------------
/opt/airflow/dags/airflow_lab1_dag.py                           1           0  1.51s           2025-10-20T16:31:21
================================================================================
[2025-10-20T16:31:49.858+0000] {manager.py:737} INFO - Searching for files in /opt/airflow/dags
[2025-10-20T16:31:49.920+0000] {manager.py:740} INFO - There are 1 files in /opt/airflow/dags
[2025-10-20T16:32:05.504+0000] {manager.py:878} INFO - 
================================================================================
DAG File Processing Stats

File Path                              PID    Runtime      # DAGs    # Errors  Last Runtime    Last Run
-------------------------------------  -----  ---------  --------  ----------  --------------  -------------------
/opt/airflow/dags/airflow_lab1_dag.py                           1           0  1.63s           2025-10-20T16:31:53
================================================================================
[2025-10-20T16:32:36.076+0000] {manager.py:878} INFO - 
================================================================================
DAG File Processing Stats

File Path                              PID    Runtime      # DAGs    # Errors  Last Runtime    Last Run
-------------------------------------  -----  ---------  --------  ----------  --------------  -------------------
/opt/airflow/dags/airflow_lab1_dag.py                           1           0  1.39s           2025-10-20T16:32:25
================================================================================
[2025-10-20T16:33:06.474+0000] {manager.py:878} INFO - 
================================================================================
DAG File Processing Stats

File Path                              PID    Runtime      # DAGs    # Errors  Last Runtime    Last Run
-------------------------------------  -----  ---------  --------  ----------  --------------  -------------------
/opt/airflow/dags/airflow_lab1_dag.py                           1           0  1.40s           2025-10-20T16:32:56
================================================================================
[2025-10-20T16:33:36.768+0000] {manager.py:878} INFO - 
================================================================================
DAG File Processing Stats

File Path                              PID    Runtime      # DAGs    # Errors  Last Runtime    Last Run
-------------------------------------  -----  ---------  --------  ----------  --------------  -------------------
/opt/airflow/dags/airflow_lab1_dag.py                           1           0  1.69s           2025-10-20T16:33:28
================================================================================
[2025-10-20T16:34:07.111+0000] {manager.py:878} INFO - 
================================================================================
DAG File Processing Stats

File Path                              PID    Runtime      # DAGs    # Errors  Last Runtime    Last Run
-------------------------------------  -----  ---------  --------  ----------  --------------  -------------------
/opt/airflow/dags/airflow_lab1_dag.py                           1           0  1.61s           2025-10-20T16:34:00
================================================================================
[2025-10-20T16:34:37.365+0000] {manager.py:878} INFO - 
================================================================================
DAG File Processing Stats

File Path                              PID    Runtime      # DAGs    # Errors  Last Runtime    Last Run
-------------------------------------  -----  ---------  --------  ----------  --------------  -------------------
/opt/airflow/dags/airflow_lab1_dag.py                           1           0  1.37s           2025-10-20T16:34:32
================================================================================
[2025-10-20T16:35:05.484+0000] {manager.py:452} INFO - Exiting gracefully upon receiving signal 15
